<?xml version="1.0" encoding="UTF-8"?>
<!-- Generated by org.testng.reporters.JUnitReportReporter -->
<testsuite skipped="0" hostname="KVM306-PC06XP17065e0c76" name="com.training.sanity.tests.eLearn_Login" tests="1" failures="0" timestamp="26 Jun 2019 13:26:54 GMT" time="34.573" errors="0">
  <testcase name="adminDelete" time="34.573" classname="com.training.sanity.tests.eLearn_Login"/>
</testsuite> <!-- com.training.sanity.tests.eLearn_Login -->
