<?xml version="1.0" encoding="UTF-8"?>
<!-- Generated by org.testng.reporters.JUnitReportReporter -->
<testsuite skipped="0" hostname="KVM306-PC06XP17065e0c76" name="com.training.sanity.tests.TC_054_eLearn_GenerateReport_Teacher" tests="1" failures="0" timestamp="09 Jul 2019 06:03:51 GMT" time="43.939" errors="0">
  <testcase name="generateReportForStudent" time="43.939" classname="com.training.sanity.tests.TC_054_eLearn_GenerateReport_Teacher"/>
</testsuite> <!-- com.training.sanity.tests.TC_054_eLearn_GenerateReport_Teacher -->
