<?xml version="1.0" encoding="UTF-8"?>
<!-- Generated by org.testng.reporters.JUnitReportReporter -->
<testsuite skipped="0" hostname="KVM306-PC06XP17065e0c76" name="com.training.sanity.tests.TC_022_eLearnAdmin_CreateCourse" tests="1" failures="0" timestamp="01 Jul 2019 11:10:22 GMT" time="37.218" errors="0">
  <testcase name="adminCreateNewCourse" time="37.218" classname="com.training.sanity.tests.TC_022_eLearnAdmin_CreateCourse"/>
</testsuite> <!-- com.training.sanity.tests.TC_022_eLearnAdmin_CreateCourse -->
