<?xml version="1.0" encoding="UTF-8"?>
<!-- Generated by org.testng.reporters.JUnitReportReporter -->
<testsuite skipped="0" hostname="KVM306-PC06XP17065e0c76" name="com.training.sanity.tests.TC_055_eLearnAdmin_CreateCareerPromotionSubscribe" tests="1" failures="0" timestamp="07 Jul 2019 15:26:55 GMT" time="53.982" errors="0">
  <testcase name="createCareerPromotionSubscribe" time="53.982" classname="com.training.sanity.tests.TC_055_eLearnAdmin_CreateCareerPromotionSubscribe"/>
</testsuite> <!-- com.training.sanity.tests.TC_055_eLearnAdmin_CreateCareerPromotionSubscribe -->
