<?xml version="1.0" encoding="UTF-8"?>
<!-- Generated by org.testng.reporters.JUnitReportReporter -->
<testsuite skipped="0" hostname="KVM306-PC06XP17065e0c76" name="com.training.sanity.tests.TC_025_eLearnAdmin_DeleteCategory" tests="1" failures="0" timestamp="01 Jul 2019 10:19:10 GMT" time="32.627" errors="0">
  <testcase name="deletCategory" time="32.627" classname="com.training.sanity.tests.TC_025_eLearnAdmin_DeleteCategory"/>
</testsuite> <!-- com.training.sanity.tests.TC_025_eLearnAdmin_DeleteCategory -->
