<?xml version="1.0" encoding="UTF-8"?>
<!-- Generated by org.testng.reporters.JUnitReportReporter -->
<testsuite skipped="0" hostname="KVM306-PC06XP17065e0c76" name="com.training.sanity.tests.TC_021_eLearnAdminTab" tests="1" failures="0" timestamp="27 Jun 2019 02:37:37 GMT" time="39.866" errors="0">
  <testcase name="adminDelete" time="39.866" classname="com.training.sanity.tests.TC_021_eLearnAdminTab"/>
</testsuite> <!-- com.training.sanity.tests.TC_021_eLearnAdminTab -->
