<?xml version="1.0" encoding="UTF-8"?>
<!-- Generated by org.testng.reporters.JUnitReportReporter -->
<testsuite skipped="0" hostname="KVM306-PC06XP17065e0c76" name="com.training.sanity.tests.TC_023_eLearnAdmin_AddUserToCourse" tests="1" failures="0" timestamp="01 Jul 2019 11:47:35 GMT" time="35.800" errors="0">
  <testcase name="addUserToCourse" time="35.800" classname="com.training.sanity.tests.TC_023_eLearnAdmin_AddUserToCourse"/>
</testsuite> <!-- com.training.sanity.tests.TC_023_eLearnAdmin_AddUserToCourse -->
