<?xml version="1.0" encoding="UTF-8"?>
<!-- Generated by org.testng.reporters.JUnitReportReporter -->
<testsuite skipped="0" hostname="KVM306-PC06XP17065e0c76" name="com.training.sanity.tests.TC_052_eLearnAdmin_CreateTrainingSession" tests="1" failures="0" timestamp="04 Jul 2019 18:35:31 GMT" time="48.791" errors="0">
  <testcase name="createTrainingSession" time="48.791" classname="com.training.sanity.tests.TC_052_eLearnAdmin_CreateTrainingSession"/>
</testsuite> <!-- com.training.sanity.tests.TC_052_eLearnAdmin_CreateTrainingSession -->
