<?xml version="1.0" encoding="UTF-8"?>
<!-- Generated by org.testng.reporters.JUnitReportReporter -->
<testsuite skipped="0" hostname="KVM306-PC06XP17065e0c76" name="com.training.sanity.tests.TC_024_eLearnAdmin_CoursesCategories" tests="1" failures="0" timestamp="01 Jul 2019 10:16:32 GMT" time="33.122" errors="0">
  <testcase name="addNewCategory" time="33.122" classname="com.training.sanity.tests.TC_024_eLearnAdmin_CoursesCategories"/>
</testsuite> <!-- com.training.sanity.tests.TC_024_eLearnAdmin_CoursesCategories -->
