<?xml version="1.0" encoding="UTF-8"?>
<!-- Generated by org.testng.reporters.JUnitReportReporter -->
<testsuite skipped="0" hostname="KVM306-PC06XP17065e0c76" name="com.training.sanity.tests.TC_021_eLearnAdmin_DeleteCourse" tests="1" failures="0" timestamp="01 Jul 2019 11:33:45 GMT" time="46.958" errors="0">
  <testcase name="adminCourseDelete" time="46.958" classname="com.training.sanity.tests.TC_021_eLearnAdmin_DeleteCourse"/>
</testsuite> <!-- com.training.sanity.tests.TC_021_eLearnAdmin_DeleteCourse -->
