<?xml version="1.0" encoding="UTF-8"?>
<!-- Generated by org.testng.reporters.JUnitReportReporter -->
<testsuite skipped="0" hostname="KVM306-PC06XP17065e0c76" name="com.training.sanity.tests.TC_51_eLearnAdmin_EditUserList" tests="1" failures="0" timestamp="04 Jul 2019 13:24:11 GMT" time="39.167" errors="0">
  <testcase name="editUserDetails" time="39.167" classname="com.training.sanity.tests.TC_51_eLearnAdmin_EditUserList"/>
</testsuite> <!-- com.training.sanity.tests.TC_51_eLearnAdmin_EditUserList -->
