<?xml version="1.0" encoding="UTF-8"?>
<!-- Generated by org.testng.reporters.JUnitReportReporter -->
<testsuite skipped="0" hostname="KVM306-PC06XP17065e0c76" name="com.training.sanity.tests.TC_053_eLearn_GenerateReport_Student" tests="1" failures="0" timestamp="09 Jul 2019 06:21:50 GMT" time="53.174" errors="0">
  <testcase name="generateReportForStudent" time="53.174" classname="com.training.sanity.tests.TC_053_eLearn_GenerateReport_Student"/>
</testsuite> <!-- com.training.sanity.tests.TC_053_eLearn_GenerateReport_Student -->
